2022-02-08T23:00:52.319+0300	[34mINFO[0m	logger/logger.go:60	[[::1]:65103 PUT /api/v1/session]
2022-02-08T23:00:53.356+0300	[34mINFO[0m	logger/logger.go:60	[Status: 200 Work time: 1.036555171s]
2022-02-08T23:09:27.840+0300	[34mINFO[0m	logger/logger.go:60	[[::1]:65121 PUT /api/v1/session]
2022-02-08T23:09:28.876+0300	[34mINFO[0m	logger/logger.go:60	[Status: 200 Work time: 1.03550351s]
2022-02-08T23:09:30.637+0300	[34mINFO[0m	logger/logger.go:60	[[::1]:65121 DELETE /api/v1/session]
2022-02-08T23:09:30.643+0300	[34mINFO[0m	logger/logger.go:60	[Status: 200 Work time: 5.729567ms]
2022-02-08T23:09:34.710+0300	[34mINFO[0m	logger/logger.go:60	[[::1]:65121 DELETE /api/v1/session]
2022-02-08T23:09:34.710+0300	[34mINFO[0m	logger/logger.go:60	[Status: 401 Work time: 51.819µs]
2022-02-08T23:12:47.170+0300	[34mINFO[0m	logger/logger.go:60	[[::1]:65136 PUT /api/v1/session]
2022-02-08T23:12:48.211+0300	[34mINFO[0m	logger/logger.go:60	[Status: 200 Work time: 1.040274268s]
2022-02-08T23:12:50.226+0300	[34mINFO[0m	logger/logger.go:60	[[::1]:65136 DELETE /api/v1/session]
2022-02-08T23:12:50.231+0300	[34mINFO[0m	logger/logger.go:60	[Status: 200 Work time: 4.7671ms]
2022-02-08T23:15:35.852+0300	[34mINFO[0m	logger/logger.go:60	[[::1]:65170 POST /api/v1/user/password]
2022-02-08T23:15:35.853+0300	[34mINFO[0m	logger/logger.go:60	[Status: 401 Work time: 455.123µs]
2022-02-08T23:15:42.179+0300	[34mINFO[0m	logger/logger.go:60	[[::1]:65170 PUT /api/v1/session]
2022-02-08T23:15:43.233+0300	[34mINFO[0m	logger/logger.go:60	[Status: 200 Work time: 1.053554208s]
2022-02-08T23:15:45.416+0300	[34mINFO[0m	logger/logger.go:60	[[::1]:65170 POST /api/v1/user/password]
2022-02-08T23:15:47.492+0300	[34mINFO[0m	logger/logger.go:60	[Status: 200 Work time: 2.076052725s]
2022-02-08T23:15:51.471+0300	[34mINFO[0m	logger/logger.go:60	[[::1]:65170 PUT /api/v1/session]
2022-02-08T23:15:52.510+0300	[34mINFO[0m	logger/logger.go:60	[Status: 400 Work time: 1.038974388s]
2022-02-08T23:15:56.047+0300	[34mINFO[0m	logger/logger.go:60	[[::1]:65170 PUT /api/v1/session]
2022-02-08T23:15:57.092+0300	[34mINFO[0m	logger/logger.go:60	[Status: 200 Work time: 1.04547417s]
2022-02-08T23:16:40.210+0300	[34mINFO[0m	logger/logger.go:60	[[::1]:65179 DELETE /api/v1/session]
2022-02-08T23:16:40.220+0300	[34mINFO[0m	logger/logger.go:60	[Status: 200 Work time: 10.187476ms]
2022-02-08T23:16:42.485+0300	[34mINFO[0m	logger/logger.go:60	[[::1]:65179 DELETE /api/v1/session]
2022-02-08T23:16:42.485+0300	[34mINFO[0m	logger/logger.go:60	[Status: 401 Work time: 21.233µs]
2022-02-08T23:16:44.034+0300	[34mINFO[0m	logger/logger.go:60	[[::1]:65179 DELETE /api/v1/session]
2022-02-08T23:16:44.035+0300	[34mINFO[0m	logger/logger.go:60	[Status: 401 Work time: 14.303µs]
2022-02-08T23:16:49.473+0300	[34mINFO[0m	logger/logger.go:60	[[::1]:65179 PUT /api/v1/session]
2022-02-08T23:16:50.505+0300	[34mINFO[0m	logger/logger.go:60	[Status: 200 Work time: 1.031199867s]
2022-02-08T23:17:29.298+0300	[34mINFO[0m	logger/logger.go:60	[[::1]:65183 DELETE /api/v1/user/profile]
2022-02-08T23:17:30.357+0300	[34mINFO[0m	logger/logger.go:60	[Status: 200 Work time: 1.058857756s]
2022-02-08T23:18:21.756+0300	[34mINFO[0m	logger/logger.go:60	[[::1]:65187 PUT /api/v1/session]
2022-02-08T23:18:21.763+0300	[34mINFO[0m	logger/logger.go:60	[Status: 400 Work time: 7.064776ms]
